<?xml version="1.0" encoding="UTF-8"?>
<testsuite xmlns:xsi="http://www.w3.org/2001/XMLSchema-instance" xsi:noNamespaceSchemaLocation="https://maven.apache.org/surefire/maven-surefire-plugin/xsd/surefire-test-report.xsd" name="com.onlinechat.EmojiConverterTest" time="20.762" tests="1" errors="0" skipped="0" failures="0">
  <properties>
    <property name="sun.desktop" value="windows"/>
    <property name="awt.toolkit" value="sun.awt.windows.WToolkit"/>
    <property name="file.encoding.pkg" value="sun.io"/>
    <property name="java.specification.version" value="1.8"/>
    <property name="sun.cpu.isalist" value="amd64"/>
    <property name="sun.jnu.encoding" value="GBK"/>
    <property name="java.class.path" value="D:\destop\ja\websocket\online-chat\target\test-classes;D:\destop\ja\websocket\online-chat\target\classes;D:\destop\ja\LocalRepository\org\springframework\boot\spring-boot-starter-web\2.2.5.RELEASE\spring-boot-starter-web-2.2.5.RELEASE.jar;D:\destop\ja\LocalRepository\org\springframework\boot\spring-boot-starter\2.2.5.RELEASE\spring-boot-starter-2.2.5.RELEASE.jar;D:\destop\ja\LocalRepository\org\springframework\boot\spring-boot-starter-logging\2.2.5.RELEASE\spring-boot-starter-logging-2.2.5.RELEASE.jar;D:\destop\ja\LocalRepository\ch\qos\logback\logback-classic\1.2.3\logback-classic-1.2.3.jar;D:\destop\ja\LocalRepository\ch\qos\logback\logback-core\1.2.3\logback-core-1.2.3.jar;D:\destop\ja\LocalRepository\org\apache\logging\log4j\log4j-to-slf4j\2.12.1\log4j-to-slf4j-2.12.1.jar;D:\destop\ja\LocalRepository\org\apache\logging\log4j\log4j-api\2.12.1\log4j-api-2.12.1.jar;D:\destop\ja\LocalRepository\org\slf4j\jul-to-slf4j\1.7.30\jul-to-slf4j-1.7.30.jar;D:\destop\ja\LocalRepository\jakarta\annotation\jakarta.annotation-api\1.3.5\jakarta.annotation-api-1.3.5.jar;D:\destop\ja\LocalRepository\org\yaml\snakeyaml\1.25\snakeyaml-1.25.jar;D:\destop\ja\LocalRepository\org\springframework\boot\spring-boot-starter-json\2.2.5.RELEASE\spring-boot-starter-json-2.2.5.RELEASE.jar;D:\destop\ja\LocalRepository\com\fasterxml\jackson\datatype\jackson-datatype-jdk8\2.10.2\jackson-datatype-jdk8-2.10.2.jar;D:\destop\ja\LocalRepository\com\fasterxml\jackson\datatype\jackson-datatype-jsr310\2.10.2\jackson-datatype-jsr310-2.10.2.jar;D:\destop\ja\LocalRepository\com\fasterxml\jackson\module\jackson-module-parameter-names\2.10.2\jackson-module-parameter-names-2.10.2.jar;D:\destop\ja\LocalRepository\org\springframework\boot\spring-boot-starter-tomcat\2.2.5.RELEASE\spring-boot-starter-tomcat-2.2.5.RELEASE.jar;D:\destop\ja\LocalRepository\org\apache\tomcat\embed\tomcat-embed-core\9.0.31\tomcat-embed-core-9.0.31.jar;D:\destop\ja\LocalRepository\org\apache\tomcat\embed\tomcat-embed-el\9.0.31\tomcat-embed-el-9.0.31.jar;D:\destop\ja\LocalRepository\org\apache\tomcat\embed\tomcat-embed-websocket\9.0.31\tomcat-embed-websocket-9.0.31.jar;D:\destop\ja\LocalRepository\org\springframework\boot\spring-boot-starter-validation\2.2.5.RELEASE\spring-boot-starter-validation-2.2.5.RELEASE.jar;D:\destop\ja\LocalRepository\jakarta\validation\jakarta.validation-api\2.0.2\jakarta.validation-api-2.0.2.jar;D:\destop\ja\LocalRepository\org\hibernate\validator\hibernate-validator\6.0.18.Final\hibernate-validator-6.0.18.Final.jar;D:\destop\ja\LocalRepository\org\jboss\logging\jboss-logging\3.4.1.Final\jboss-logging-3.4.1.Final.jar;D:\destop\ja\LocalRepository\org\springframework\spring-web\5.2.4.RELEASE\spring-web-5.2.4.RELEASE.jar;D:\destop\ja\LocalRepository\org\springframework\spring-beans\5.2.4.RELEASE\spring-beans-5.2.4.RELEASE.jar;D:\destop\ja\LocalRepository\org\springframework\spring-webmvc\5.2.4.RELEASE\spring-webmvc-5.2.4.RELEASE.jar;D:\destop\ja\LocalRepository\org\springframework\spring-context\5.2.4.RELEASE\spring-context-5.2.4.RELEASE.jar;D:\destop\ja\LocalRepository\org\springframework\spring-expression\5.2.4.RELEASE\spring-expression-5.2.4.RELEASE.jar;D:\destop\ja\LocalRepository\org\springframework\boot\spring-boot-devtools\2.2.5.RELEASE\spring-boot-devtools-2.2.5.RELEASE.jar;D:\destop\ja\LocalRepository\org\springframework\boot\spring-boot\2.2.5.RELEASE\spring-boot-2.2.5.RELEASE.jar;D:\destop\ja\LocalRepository\org\springframework\boot\spring-boot-autoconfigure\2.2.5.RELEASE\spring-boot-autoconfigure-2.2.5.RELEASE.jar;D:\destop\ja\LocalRepository\org\springframework\boot\spring-boot-starter-test\2.2.5.RELEASE\spring-boot-starter-test-2.2.5.RELEASE.jar;D:\destop\ja\LocalRepository\org\springframework\boot\spring-boot-test\2.2.5.RELEASE\spring-boot-test-2.2.5.RELEASE.jar;D:\destop\ja\LocalRepository\org\springframework\boot\spring-boot-test-autoconfigure\2.2.5.RELEASE\spring-boot-test-autoconfigure-2.2.5.RELEASE.jar;D:\destop\ja\LocalRepository\com\jayway\jsonpath\json-path\2.4.0\json-path-2.4.0.jar;D:\destop\ja\LocalRepository\net\minidev\json-smart\2.3\json-smart-2.3.jar;D:\destop\ja\LocalRepository\net\minidev\accessors-smart\1.2\accessors-smart-1.2.jar;D:\destop\ja\LocalRepository\org\ow2\asm\asm\5.0.4\asm-5.0.4.jar;D:\destop\ja\LocalRepository\jakarta\xml\bind\jakarta.xml.bind-api\2.3.2\jakarta.xml.bind-api-2.3.2.jar;D:\destop\ja\LocalRepository\jakarta\activation\jakarta.activation-api\1.2.2\jakarta.activation-api-1.2.2.jar;D:\destop\ja\LocalRepository\org\junit\jupiter\junit-jupiter\5.5.2\junit-jupiter-5.5.2.jar;D:\destop\ja\LocalRepository\org\junit\jupiter\junit-jupiter-api\5.5.2\junit-jupiter-api-5.5.2.jar;D:\destop\ja\LocalRepository\org\opentest4j\opentest4j\1.2.0\opentest4j-1.2.0.jar;D:\destop\ja\LocalRepository\org\junit\platform\junit-platform-commons\1.5.2\junit-platform-commons-1.5.2.jar;D:\destop\ja\LocalRepository\org\junit\jupiter\junit-jupiter-params\5.5.2\junit-jupiter-params-5.5.2.jar;D:\destop\ja\LocalRepository\org\junit\jupiter\junit-jupiter-engine\5.5.2\junit-jupiter-engine-5.5.2.jar;D:\destop\ja\LocalRepository\org\junit\vintage\junit-vintage-engine\5.5.2\junit-vintage-engine-5.5.2.jar;D:\destop\ja\LocalRepository\org\apiguardian\apiguardian-api\1.1.0\apiguardian-api-1.1.0.jar;D:\destop\ja\LocalRepository\org\junit\platform\junit-platform-engine\1.5.2\junit-platform-engine-1.5.2.jar;D:\destop\ja\LocalRepository\junit\junit\4.12\junit-4.12.jar;D:\destop\ja\LocalRepository\org\mockito\mockito-junit-jupiter\3.1.0\mockito-junit-jupiter-3.1.0.jar;D:\destop\ja\LocalRepository\org\assertj\assertj-core\3.13.2\assertj-core-3.13.2.jar;D:\destop\ja\LocalRepository\org\hamcrest\hamcrest\2.1\hamcrest-2.1.jar;D:\destop\ja\LocalRepository\org\mockito\mockito-core\3.1.0\mockito-core-3.1.0.jar;D:\destop\ja\LocalRepository\net\bytebuddy\byte-buddy\1.10.8\byte-buddy-1.10.8.jar;D:\destop\ja\LocalRepository\net\bytebuddy\byte-buddy-agent\1.10.8\byte-buddy-agent-1.10.8.jar;D:\destop\ja\LocalRepository\org\objenesis\objenesis\2.6\objenesis-2.6.jar;D:\destop\ja\LocalRepository\org\skyscreamer\jsonassert\1.5.0\jsonassert-1.5.0.jar;D:\destop\ja\LocalRepository\com\vaadin\external\google\android-json\0.0.20131108.vaadin1\android-json-0.0.20131108.vaadin1.jar;D:\destop\ja\LocalRepository\org\springframework\spring-core\5.2.4.RELEASE\spring-core-5.2.4.RELEASE.jar;D:\destop\ja\LocalRepository\org\springframework\spring-jcl\5.2.4.RELEASE\spring-jcl-5.2.4.RELEASE.jar;D:\destop\ja\LocalRepository\org\springframework\spring-test\5.2.4.RELEASE\spring-test-5.2.4.RELEASE.jar;D:\destop\ja\LocalRepository\org\xmlunit\xmlunit-core\2.6.3\xmlunit-core-2.6.3.jar;D:\destop\ja\LocalRepository\mysql\mysql-connector-java\8.0.19\mysql-connector-java-8.0.19.jar;D:\destop\ja\LocalRepository\com\alibaba\druid\1.0.5\druid-1.0.5.jar;D:\destop\ja\LocalRepository\org\projectlombok\lombok\1.18.12\lombok-1.18.12.jar;D:\destop\ja\LocalRepository\io\springfox\springfox-swagger2\2.7.0\springfox-swagger2-2.7.0.jar;D:\destop\ja\LocalRepository\io\swagger\swagger-annotations\1.5.13\swagger-annotations-1.5.13.jar;D:\destop\ja\LocalRepository\io\swagger\swagger-models\1.5.13\swagger-models-1.5.13.jar;D:\destop\ja\LocalRepository\com\fasterxml\jackson\core\jackson-annotations\2.10.2\jackson-annotations-2.10.2.jar;D:\destop\ja\LocalRepository\io\springfox\springfox-spi\2.7.0\springfox-spi-2.7.0.jar;D:\destop\ja\LocalRepository\io\springfox\springfox-core\2.7.0\springfox-core-2.7.0.jar;D:\destop\ja\LocalRepository\io\springfox\springfox-schema\2.7.0\springfox-schema-2.7.0.jar;D:\destop\ja\LocalRepository\io\springfox\springfox-swagger-common\2.7.0\springfox-swagger-common-2.7.0.jar;D:\destop\ja\LocalRepository\io\springfox\springfox-spring-web\2.7.0\springfox-spring-web-2.7.0.jar;D:\destop\ja\LocalRepository\org\reflections\reflections\0.9.11\reflections-0.9.11.jar;D:\destop\ja\LocalRepository\org\javassist\javassist\3.21.0-GA\javassist-3.21.0-GA.jar;D:\destop\ja\LocalRepository\com\google\guava\guava\18.0\guava-18.0.jar;D:\destop\ja\LocalRepository\com\fasterxml\classmate\1.5.1\classmate-1.5.1.jar;D:\destop\ja\LocalRepository\org\slf4j\slf4j-api\1.7.30\slf4j-api-1.7.30.jar;D:\destop\ja\LocalRepository\org\springframework\plugin\spring-plugin-core\1.2.0.RELEASE\spring-plugin-core-1.2.0.RELEASE.jar;D:\destop\ja\LocalRepository\org\springframework\plugin\spring-plugin-metadata\1.2.0.RELEASE\spring-plugin-metadata-1.2.0.RELEASE.jar;D:\destop\ja\LocalRepository\org\mapstruct\mapstruct\1.1.0.Final\mapstruct-1.1.0.Final.jar;D:\destop\ja\LocalRepository\io\springfox\springfox-swagger-ui\2.7.0\springfox-swagger-ui-2.7.0.jar;D:\destop\ja\LocalRepository\com\baomidou\mybatis-plus-boot-starter\3.0.5\mybatis-plus-boot-starter-3.0.5.jar;D:\destop\ja\LocalRepository\com\baomidou\mybatis-plus\3.0.5\mybatis-plus-3.0.5.jar;D:\destop\ja\LocalRepository\com\baomidou\mybatis-plus-extension\3.0.5\mybatis-plus-extension-3.0.5.jar;D:\destop\ja\LocalRepository\com\baomidou\mybatis-plus-core\3.0.5\mybatis-plus-core-3.0.5.jar;D:\destop\ja\LocalRepository\com\baomidou\mybatis-plus-annotation\3.0.5\mybatis-plus-annotation-3.0.5.jar;D:\destop\ja\LocalRepository\com\github\jsqlparser\jsqlparser\1.2\jsqlparser-1.2.jar;D:\destop\ja\LocalRepository\org\mybatis\mybatis-spring\1.3.2\mybatis-spring-1.3.2.jar;D:\destop\ja\LocalRepository\org\mybatis\mybatis\3.4.6\mybatis-3.4.6.jar;D:\destop\ja\LocalRepository\com\baomidou\mybatis-plus-generator\3.0.5\mybatis-plus-generator-3.0.5.jar;D:\destop\ja\LocalRepository\org\springframework\boot\spring-boot-starter-jdbc\2.2.5.RELEASE\spring-boot-starter-jdbc-2.2.5.RELEASE.jar;D:\destop\ja\LocalRepository\com\zaxxer\HikariCP\3.4.2\HikariCP-3.4.2.jar;D:\destop\ja\LocalRepository\org\springframework\spring-jdbc\5.2.4.RELEASE\spring-jdbc-5.2.4.RELEASE.jar;D:\destop\ja\LocalRepository\org\springframework\boot\spring-boot-configuration-processor\2.2.5.RELEASE\spring-boot-configuration-processor-2.2.5.RELEASE.jar;D:\destop\ja\LocalRepository\org\apache\velocity\velocity-engine-core\2.0\velocity-engine-core-2.0.jar;D:\destop\ja\LocalRepository\org\apache\commons\commons-lang3\3.9\commons-lang3-3.9.jar;D:\destop\ja\LocalRepository\org\springframework\boot\spring-boot-starter-security\2.2.5.RELEASE\spring-boot-starter-security-2.2.5.RELEASE.jar;D:\destop\ja\LocalRepository\org\springframework\spring-aop\5.2.4.RELEASE\spring-aop-5.2.4.RELEASE.jar;D:\destop\ja\LocalRepository\org\springframework\security\spring-security-config\5.2.2.RELEASE\spring-security-config-5.2.2.RELEASE.jar;D:\destop\ja\LocalRepository\org\springframework\security\spring-security-core\5.2.2.RELEASE\spring-security-core-5.2.2.RELEASE.jar;D:\destop\ja\LocalRepository\org\springframework\security\spring-security-web\5.2.2.RELEASE\spring-security-web-5.2.2.RELEASE.jar;D:\destop\ja\LocalRepository\org\thymeleaf\extras\thymeleaf-extras-springsecurity5\3.0.4.RELEASE\thymeleaf-extras-springsecurity5-3.0.4.RELEASE.jar;D:\destop\ja\LocalRepository\io\jsonwebtoken\jjwt\0.7.0\jjwt-0.7.0.jar;D:\destop\ja\LocalRepository\com\fasterxml\jackson\core\jackson-databind\2.10.2\jackson-databind-2.10.2.jar;D:\destop\ja\LocalRepository\com\fasterxml\jackson\core\jackson-core\2.10.2\jackson-core-2.10.2.jar;D:\destop\ja\LocalRepository\com\aliyun\oss\aliyun-sdk-oss\3.5.0\aliyun-sdk-oss-3.5.0.jar;D:\destop\ja\LocalRepository\org\apache\httpcomponents\httpclient\4.5.11\httpclient-4.5.11.jar;D:\destop\ja\LocalRepository\org\apache\httpcomponents\httpcore\4.4.13\httpcore-4.4.13.jar;D:\destop\ja\LocalRepository\commons-codec\commons-codec\1.13\commons-codec-1.13.jar;D:\destop\ja\LocalRepository\org\jdom\jdom\1.1\jdom-1.1.jar;D:\destop\ja\LocalRepository\org\codehaus\jettison\jettison\1.1\jettison-1.1.jar;D:\destop\ja\LocalRepository\stax\stax-api\1.0.1\stax-api-1.0.1.jar;D:\destop\ja\LocalRepository\com\aliyun\aliyun-java-sdk-core\3.4.0\aliyun-java-sdk-core-3.4.0.jar;D:\destop\ja\LocalRepository\com\aliyun\aliyun-java-sdk-ram\3.0.0\aliyun-java-sdk-ram-3.0.0.jar;D:\destop\ja\LocalRepository\com\aliyun\aliyun-java-sdk-sts\3.0.0\aliyun-java-sdk-sts-3.0.0.jar;D:\destop\ja\LocalRepository\com\aliyun\aliyun-java-sdk-ecs\4.2.0\aliyun-java-sdk-ecs-4.2.0.jar;D:\destop\ja\LocalRepository\org\springframework\boot\spring-boot-starter-data-redis\2.2.5.RELEASE\spring-boot-starter-data-redis-2.2.5.RELEASE.jar;D:\destop\ja\LocalRepository\org\springframework\data\spring-data-redis\2.2.5.RELEASE\spring-data-redis-2.2.5.RELEASE.jar;D:\destop\ja\LocalRepository\org\springframework\data\spring-data-keyvalue\2.2.5.RELEASE\spring-data-keyvalue-2.2.5.RELEASE.jar;D:\destop\ja\LocalRepository\org\springframework\data\spring-data-commons\2.2.5.RELEASE\spring-data-commons-2.2.5.RELEASE.jar;D:\destop\ja\LocalRepository\org\springframework\spring-tx\5.2.4.RELEASE\spring-tx-5.2.4.RELEASE.jar;D:\destop\ja\LocalRepository\org\springframework\spring-oxm\5.2.4.RELEASE\spring-oxm-5.2.4.RELEASE.jar;D:\destop\ja\LocalRepository\org\springframework\spring-context-support\5.2.4.RELEASE\spring-context-support-5.2.4.RELEASE.jar;D:\destop\ja\LocalRepository\io\lettuce\lettuce-core\5.2.2.RELEASE\lettuce-core-5.2.2.RELEASE.jar;D:\destop\ja\LocalRepository\io\netty\netty-common\4.1.45.Final\netty-common-4.1.45.Final.jar;D:\destop\ja\LocalRepository\io\netty\netty-handler\4.1.45.Final\netty-handler-4.1.45.Final.jar;D:\destop\ja\LocalRepository\io\netty\netty-buffer\4.1.45.Final\netty-buffer-4.1.45.Final.jar;D:\destop\ja\LocalRepository\io\netty\netty-codec\4.1.45.Final\netty-codec-4.1.45.Final.jar;D:\destop\ja\LocalRepository\io\netty\netty-transport\4.1.45.Final\netty-transport-4.1.45.Final.jar;D:\destop\ja\LocalRepository\io\netty\netty-resolver\4.1.45.Final\netty-resolver-4.1.45.Final.jar;D:\destop\ja\LocalRepository\io\projectreactor\reactor-core\3.3.3.RELEASE\reactor-core-3.3.3.RELEASE.jar;D:\destop\ja\LocalRepository\org\reactivestreams\reactive-streams\1.0.3\reactive-streams-1.0.3.jar;D:\destop\ja\LocalRepository\org\springframework\boot\spring-boot-starter-websocket\2.2.5.RELEASE\spring-boot-starter-websocket-2.2.5.RELEASE.jar;D:\destop\ja\LocalRepository\org\springframework\spring-messaging\5.2.4.RELEASE\spring-messaging-5.2.4.RELEASE.jar;D:\destop\ja\LocalRepository\org\springframework\spring-websocket\5.2.4.RELEASE\spring-websocket-5.2.4.RELEASE.jar;D:\destop\ja\LocalRepository\com\alibaba\fastjson\1.2.75\fastjson-1.2.75.jar;D:\destop\ja\LocalRepository\com\github\binarywang\java-emoji-converter\1.0.1\java-emoji-converter-1.0.1.jar;D:\destop\ja\LocalRepository\com\vdurmont\emoji-java\5.1.1\emoji-java-5.1.1.jar;D:\destop\ja\LocalRepository\org\json\json\20170516\json-20170516.jar;D:\destop\ja\LocalRepository\com\thoughtworks\xstream\xstream\1.4.12\xstream-1.4.12.jar;D:\destop\ja\LocalRepository\xmlpull\xmlpull\1.1.3.1\xmlpull-1.1.3.1.jar;D:\destop\ja\LocalRepository\xpp3\xpp3_min\1.1.4c\xpp3_min-1.1.4c.jar;D:\destop\ja\LocalRepository\org\jodd\jodd-http\5.1.4\jodd-http-5.1.4.jar;D:\destop\ja\LocalRepository\org\jodd\jodd-core\5.1.4\jodd-core-5.1.4.jar;D:\destop\ja\LocalRepository\joda-time\joda-time\2.10.5\joda-time-2.10.5.jar;"/>
    <property name="java.vm.vendor" value="Oracle Corporation"/>
    <property name="sun.arch.data.model" value="64"/>
    <property name="user.variant" value=""/>
    <property name="java.vendor.url" value="http://java.oracle.com/"/>
    <property name="user.timezone" value="Asia/Shanghai"/>
    <property name="java.vm.specification.version" value="1.8"/>
    <property name="os.name" value="Windows 10"/>
    <property name="user.country" value="CN"/>
    <property name="sun.java.launcher" value="SUN_STANDARD"/>
    <property name="sun.boot.library.path" value="C:\Program Files\Java\jdk1.8.0_281\jre\bin"/>
    <property name="sun.java.command" value="C:\Users\formh\AppData\Local\Temp\surefire2011060062749282952\surefirebooter8221393596941930242.jar C:\Users\formh\AppData\Local\Temp\surefire2011060062749282952 2022-07-23T17-17-55_727-jvmRun1 surefire9106270663908165541tmp surefire_02383320761276843639tmp"/>
    <property name="surefire.test.class.path" value="D:\destop\ja\websocket\online-chat\target\test-classes;D:\destop\ja\websocket\online-chat\target\classes;D:\destop\ja\LocalRepository\org\springframework\boot\spring-boot-starter-web\2.2.5.RELEASE\spring-boot-starter-web-2.2.5.RELEASE.jar;D:\destop\ja\LocalRepository\org\springframework\boot\spring-boot-starter\2.2.5.RELEASE\spring-boot-starter-2.2.5.RELEASE.jar;D:\destop\ja\LocalRepository\org\springframework\boot\spring-boot-starter-logging\2.2.5.RELEASE\spring-boot-starter-logging-2.2.5.RELEASE.jar;D:\destop\ja\LocalRepository\ch\qos\logback\logback-classic\1.2.3\logback-classic-1.2.3.jar;D:\destop\ja\LocalRepository\ch\qos\logback\logback-core\1.2.3\logback-core-1.2.3.jar;D:\destop\ja\LocalRepository\org\apache\logging\log4j\log4j-to-slf4j\2.12.1\log4j-to-slf4j-2.12.1.jar;D:\destop\ja\LocalRepository\org\apache\logging\log4j\log4j-api\2.12.1\log4j-api-2.12.1.jar;D:\destop\ja\LocalRepository\org\slf4j\jul-to-slf4j\1.7.30\jul-to-slf4j-1.7.30.jar;D:\destop\ja\LocalRepository\jakarta\annotation\jakarta.annotation-api\1.3.5\jakarta.annotation-api-1.3.5.jar;D:\destop\ja\LocalRepository\org\yaml\snakeyaml\1.25\snakeyaml-1.25.jar;D:\destop\ja\LocalRepository\org\springframework\boot\spring-boot-starter-json\2.2.5.RELEASE\spring-boot-starter-json-2.2.5.RELEASE.jar;D:\destop\ja\LocalRepository\com\fasterxml\jackson\datatype\jackson-datatype-jdk8\2.10.2\jackson-datatype-jdk8-2.10.2.jar;D:\destop\ja\LocalRepository\com\fasterxml\jackson\datatype\jackson-datatype-jsr310\2.10.2\jackson-datatype-jsr310-2.10.2.jar;D:\destop\ja\LocalRepository\com\fasterxml\jackson\module\jackson-module-parameter-names\2.10.2\jackson-module-parameter-names-2.10.2.jar;D:\destop\ja\LocalRepository\org\springframework\boot\spring-boot-starter-tomcat\2.2.5.RELEASE\spring-boot-starter-tomcat-2.2.5.RELEASE.jar;D:\destop\ja\LocalRepository\org\apache\tomcat\embed\tomcat-embed-core\9.0.31\tomcat-embed-core-9.0.31.jar;D:\destop\ja\LocalRepository\org\apache\tomcat\embed\tomcat-embed-el\9.0.31\tomcat-embed-el-9.0.31.jar;D:\destop\ja\LocalRepository\org\apache\tomcat\embed\tomcat-embed-websocket\9.0.31\tomcat-embed-websocket-9.0.31.jar;D:\destop\ja\LocalRepository\org\springframework\boot\spring-boot-starter-validation\2.2.5.RELEASE\spring-boot-starter-validation-2.2.5.RELEASE.jar;D:\destop\ja\LocalRepository\jakarta\validation\jakarta.validation-api\2.0.2\jakarta.validation-api-2.0.2.jar;D:\destop\ja\LocalRepository\org\hibernate\validator\hibernate-validator\6.0.18.Final\hibernate-validator-6.0.18.Final.jar;D:\destop\ja\LocalRepository\org\jboss\logging\jboss-logging\3.4.1.Final\jboss-logging-3.4.1.Final.jar;D:\destop\ja\LocalRepository\org\springframework\spring-web\5.2.4.RELEASE\spring-web-5.2.4.RELEASE.jar;D:\destop\ja\LocalRepository\org\springframework\spring-beans\5.2.4.RELEASE\spring-beans-5.2.4.RELEASE.jar;D:\destop\ja\LocalRepository\org\springframework\spring-webmvc\5.2.4.RELEASE\spring-webmvc-5.2.4.RELEASE.jar;D:\destop\ja\LocalRepository\org\springframework\spring-context\5.2.4.RELEASE\spring-context-5.2.4.RELEASE.jar;D:\destop\ja\LocalRepository\org\springframework\spring-expression\5.2.4.RELEASE\spring-expression-5.2.4.RELEASE.jar;D:\destop\ja\LocalRepository\org\springframework\boot\spring-boot-devtools\2.2.5.RELEASE\spring-boot-devtools-2.2.5.RELEASE.jar;D:\destop\ja\LocalRepository\org\springframework\boot\spring-boot\2.2.5.RELEASE\spring-boot-2.2.5.RELEASE.jar;D:\destop\ja\LocalRepository\org\springframework\boot\spring-boot-autoconfigure\2.2.5.RELEASE\spring-boot-autoconfigure-2.2.5.RELEASE.jar;D:\destop\ja\LocalRepository\org\springframework\boot\spring-boot-starter-test\2.2.5.RELEASE\spring-boot-starter-test-2.2.5.RELEASE.jar;D:\destop\ja\LocalRepository\org\springframework\boot\spring-boot-test\2.2.5.RELEASE\spring-boot-test-2.2.5.RELEASE.jar;D:\destop\ja\LocalRepository\org\springframework\boot\spring-boot-test-autoconfigure\2.2.5.RELEASE\spring-boot-test-autoconfigure-2.2.5.RELEASE.jar;D:\destop\ja\LocalRepository\com\jayway\jsonpath\json-path\2.4.0\json-path-2.4.0.jar;D:\destop\ja\LocalRepository\net\minidev\json-smart\2.3\json-smart-2.3.jar;D:\destop\ja\LocalRepository\net\minidev\accessors-smart\1.2\accessors-smart-1.2.jar;D:\destop\ja\LocalRepository\org\ow2\asm\asm\5.0.4\asm-5.0.4.jar;D:\destop\ja\LocalRepository\jakarta\xml\bind\jakarta.xml.bind-api\2.3.2\jakarta.xml.bind-api-2.3.2.jar;D:\destop\ja\LocalRepository\jakarta\activation\jakarta.activation-api\1.2.2\jakarta.activation-api-1.2.2.jar;D:\destop\ja\LocalRepository\org\junit\jupiter\junit-jupiter\5.5.2\junit-jupiter-5.5.2.jar;D:\destop\ja\LocalRepository\org\junit\jupiter\junit-jupiter-api\5.5.2\junit-jupiter-api-5.5.2.jar;D:\destop\ja\LocalRepository\org\opentest4j\opentest4j\1.2.0\opentest4j-1.2.0.jar;D:\destop\ja\LocalRepository\org\junit\platform\junit-platform-commons\1.5.2\junit-platform-commons-1.5.2.jar;D:\destop\ja\LocalRepository\org\junit\jupiter\junit-jupiter-params\5.5.2\junit-jupiter-params-5.5.2.jar;D:\destop\ja\LocalRepository\org\junit\jupiter\junit-jupiter-engine\5.5.2\junit-jupiter-engine-5.5.2.jar;D:\destop\ja\LocalRepository\org\junit\vintage\junit-vintage-engine\5.5.2\junit-vintage-engine-5.5.2.jar;D:\destop\ja\LocalRepository\org\apiguardian\apiguardian-api\1.1.0\apiguardian-api-1.1.0.jar;D:\destop\ja\LocalRepository\org\junit\platform\junit-platform-engine\1.5.2\junit-platform-engine-1.5.2.jar;D:\destop\ja\LocalRepository\junit\junit\4.12\junit-4.12.jar;D:\destop\ja\LocalRepository\org\mockito\mockito-junit-jupiter\3.1.0\mockito-junit-jupiter-3.1.0.jar;D:\destop\ja\LocalRepository\org\assertj\assertj-core\3.13.2\assertj-core-3.13.2.jar;D:\destop\ja\LocalRepository\org\hamcrest\hamcrest\2.1\hamcrest-2.1.jar;D:\destop\ja\LocalRepository\org\mockito\mockito-core\3.1.0\mockito-core-3.1.0.jar;D:\destop\ja\LocalRepository\net\bytebuddy\byte-buddy\1.10.8\byte-buddy-1.10.8.jar;D:\destop\ja\LocalRepository\net\bytebuddy\byte-buddy-agent\1.10.8\byte-buddy-agent-1.10.8.jar;D:\destop\ja\LocalRepository\org\objenesis\objenesis\2.6\objenesis-2.6.jar;D:\destop\ja\LocalRepository\org\skyscreamer\jsonassert\1.5.0\jsonassert-1.5.0.jar;D:\destop\ja\LocalRepository\com\vaadin\external\google\android-json\0.0.20131108.vaadin1\android-json-0.0.20131108.vaadin1.jar;D:\destop\ja\LocalRepository\org\springframework\spring-core\5.2.4.RELEASE\spring-core-5.2.4.RELEASE.jar;D:\destop\ja\LocalRepository\org\springframework\spring-jcl\5.2.4.RELEASE\spring-jcl-5.2.4.RELEASE.jar;D:\destop\ja\LocalRepository\org\springframework\spring-test\5.2.4.RELEASE\spring-test-5.2.4.RELEASE.jar;D:\destop\ja\LocalRepository\org\xmlunit\xmlunit-core\2.6.3\xmlunit-core-2.6.3.jar;D:\destop\ja\LocalRepository\mysql\mysql-connector-java\8.0.19\mysql-connector-java-8.0.19.jar;D:\destop\ja\LocalRepository\com\alibaba\druid\1.0.5\druid-1.0.5.jar;D:\destop\ja\LocalRepository\org\projectlombok\lombok\1.18.12\lombok-1.18.12.jar;D:\destop\ja\LocalRepository\io\springfox\springfox-swagger2\2.7.0\springfox-swagger2-2.7.0.jar;D:\destop\ja\LocalRepository\io\swagger\swagger-annotations\1.5.13\swagger-annotations-1.5.13.jar;D:\destop\ja\LocalRepository\io\swagger\swagger-models\1.5.13\swagger-models-1.5.13.jar;D:\destop\ja\LocalRepository\com\fasterxml\jackson\core\jackson-annotations\2.10.2\jackson-annotations-2.10.2.jar;D:\destop\ja\LocalRepository\io\springfox\springfox-spi\2.7.0\springfox-spi-2.7.0.jar;D:\destop\ja\LocalRepository\io\springfox\springfox-core\2.7.0\springfox-core-2.7.0.jar;D:\destop\ja\LocalRepository\io\springfox\springfox-schema\2.7.0\springfox-schema-2.7.0.jar;D:\destop\ja\LocalRepository\io\springfox\springfox-swagger-common\2.7.0\springfox-swagger-common-2.7.0.jar;D:\destop\ja\LocalRepository\io\springfox\springfox-spring-web\2.7.0\springfox-spring-web-2.7.0.jar;D:\destop\ja\LocalRepository\org\reflections\reflections\0.9.11\reflections-0.9.11.jar;D:\destop\ja\LocalRepository\org\javassist\javassist\3.21.0-GA\javassist-3.21.0-GA.jar;D:\destop\ja\LocalRepository\com\google\guava\guava\18.0\guava-18.0.jar;D:\destop\ja\LocalRepository\com\fasterxml\classmate\1.5.1\classmate-1.5.1.jar;D:\destop\ja\LocalRepository\org\slf4j\slf4j-api\1.7.30\slf4j-api-1.7.30.jar;D:\destop\ja\LocalRepository\org\springframework\plugin\spring-plugin-core\1.2.0.RELEASE\spring-plugin-core-1.2.0.RELEASE.jar;D:\destop\ja\LocalRepository\org\springframework\plugin\spring-plugin-metadata\1.2.0.RELEASE\spring-plugin-metadata-1.2.0.RELEASE.jar;D:\destop\ja\LocalRepository\org\mapstruct\mapstruct\1.1.0.Final\mapstruct-1.1.0.Final.jar;D:\destop\ja\LocalRepository\io\springfox\springfox-swagger-ui\2.7.0\springfox-swagger-ui-2.7.0.jar;D:\destop\ja\LocalRepository\com\baomidou\mybatis-plus-boot-starter\3.0.5\mybatis-plus-boot-starter-3.0.5.jar;D:\destop\ja\LocalRepository\com\baomidou\mybatis-plus\3.0.5\mybatis-plus-3.0.5.jar;D:\destop\ja\LocalRepository\com\baomidou\mybatis-plus-extension\3.0.5\mybatis-plus-extension-3.0.5.jar;D:\destop\ja\LocalRepository\com\baomidou\mybatis-plus-core\3.0.5\mybatis-plus-core-3.0.5.jar;D:\destop\ja\LocalRepository\com\baomidou\mybatis-plus-annotation\3.0.5\mybatis-plus-annotation-3.0.5.jar;D:\destop\ja\LocalRepository\com\github\jsqlparser\jsqlparser\1.2\jsqlparser-1.2.jar;D:\destop\ja\LocalRepository\org\mybatis\mybatis-spring\1.3.2\mybatis-spring-1.3.2.jar;D:\destop\ja\LocalRepository\org\mybatis\mybatis\3.4.6\mybatis-3.4.6.jar;D:\destop\ja\LocalRepository\com\baomidou\mybatis-plus-generator\3.0.5\mybatis-plus-generator-3.0.5.jar;D:\destop\ja\LocalRepository\org\springframework\boot\spring-boot-starter-jdbc\2.2.5.RELEASE\spring-boot-starter-jdbc-2.2.5.RELEASE.jar;D:\destop\ja\LocalRepository\com\zaxxer\HikariCP\3.4.2\HikariCP-3.4.2.jar;D:\destop\ja\LocalRepository\org\springframework\spring-jdbc\5.2.4.RELEASE\spring-jdbc-5.2.4.RELEASE.jar;D:\destop\ja\LocalRepository\org\springframework\boot\spring-boot-configuration-processor\2.2.5.RELEASE\spring-boot-configuration-processor-2.2.5.RELEASE.jar;D:\destop\ja\LocalRepository\org\apache\velocity\velocity-engine-core\2.0\velocity-engine-core-2.0.jar;D:\destop\ja\LocalRepository\org\apache\commons\commons-lang3\3.9\commons-lang3-3.9.jar;D:\destop\ja\LocalRepository\org\springframework\boot\spring-boot-starter-security\2.2.5.RELEASE\spring-boot-starter-security-2.2.5.RELEASE.jar;D:\destop\ja\LocalRepository\org\springframework\spring-aop\5.2.4.RELEASE\spring-aop-5.2.4.RELEASE.jar;D:\destop\ja\LocalRepository\org\springframework\security\spring-security-config\5.2.2.RELEASE\spring-security-config-5.2.2.RELEASE.jar;D:\destop\ja\LocalRepository\org\springframework\security\spring-security-core\5.2.2.RELEASE\spring-security-core-5.2.2.RELEASE.jar;D:\destop\ja\LocalRepository\org\springframework\security\spring-security-web\5.2.2.RELEASE\spring-security-web-5.2.2.RELEASE.jar;D:\destop\ja\LocalRepository\org\thymeleaf\extras\thymeleaf-extras-springsecurity5\3.0.4.RELEASE\thymeleaf-extras-springsecurity5-3.0.4.RELEASE.jar;D:\destop\ja\LocalRepository\io\jsonwebtoken\jjwt\0.7.0\jjwt-0.7.0.jar;D:\destop\ja\LocalRepository\com\fasterxml\jackson\core\jackson-databind\2.10.2\jackson-databind-2.10.2.jar;D:\destop\ja\LocalRepository\com\fasterxml\jackson\core\jackson-core\2.10.2\jackson-core-2.10.2.jar;D:\destop\ja\LocalRepository\com\aliyun\oss\aliyun-sdk-oss\3.5.0\aliyun-sdk-oss-3.5.0.jar;D:\destop\ja\LocalRepository\org\apache\httpcomponents\httpclient\4.5.11\httpclient-4.5.11.jar;D:\destop\ja\LocalRepository\org\apache\httpcomponents\httpcore\4.4.13\httpcore-4.4.13.jar;D:\destop\ja\LocalRepository\commons-codec\commons-codec\1.13\commons-codec-1.13.jar;D:\destop\ja\LocalRepository\org\jdom\jdom\1.1\jdom-1.1.jar;D:\destop\ja\LocalRepository\org\codehaus\jettison\jettison\1.1\jettison-1.1.jar;D:\destop\ja\LocalRepository\stax\stax-api\1.0.1\stax-api-1.0.1.jar;D:\destop\ja\LocalRepository\com\aliyun\aliyun-java-sdk-core\3.4.0\aliyun-java-sdk-core-3.4.0.jar;D:\destop\ja\LocalRepository\com\aliyun\aliyun-java-sdk-ram\3.0.0\aliyun-java-sdk-ram-3.0.0.jar;D:\destop\ja\LocalRepository\com\aliyun\aliyun-java-sdk-sts\3.0.0\aliyun-java-sdk-sts-3.0.0.jar;D:\destop\ja\LocalRepository\com\aliyun\aliyun-java-sdk-ecs\4.2.0\aliyun-java-sdk-ecs-4.2.0.jar;D:\destop\ja\LocalRepository\org\springframework\boot\spring-boot-starter-data-redis\2.2.5.RELEASE\spring-boot-starter-data-redis-2.2.5.RELEASE.jar;D:\destop\ja\LocalRepository\org\springframework\data\spring-data-redis\2.2.5.RELEASE\spring-data-redis-2.2.5.RELEASE.jar;D:\destop\ja\LocalRepository\org\springframework\data\spring-data-keyvalue\2.2.5.RELEASE\spring-data-keyvalue-2.2.5.RELEASE.jar;D:\destop\ja\LocalRepository\org\springframework\data\spring-data-commons\2.2.5.RELEASE\spring-data-commons-2.2.5.RELEASE.jar;D:\destop\ja\LocalRepository\org\springframework\spring-tx\5.2.4.RELEASE\spring-tx-5.2.4.RELEASE.jar;D:\destop\ja\LocalRepository\org\springframework\spring-oxm\5.2.4.RELEASE\spring-oxm-5.2.4.RELEASE.jar;D:\destop\ja\LocalRepository\org\springframework\spring-context-support\5.2.4.RELEASE\spring-context-support-5.2.4.RELEASE.jar;D:\destop\ja\LocalRepository\io\lettuce\lettuce-core\5.2.2.RELEASE\lettuce-core-5.2.2.RELEASE.jar;D:\destop\ja\LocalRepository\io\netty\netty-common\4.1.45.Final\netty-common-4.1.45.Final.jar;D:\destop\ja\LocalRepository\io\netty\netty-handler\4.1.45.Final\netty-handler-4.1.45.Final.jar;D:\destop\ja\LocalRepository\io\netty\netty-buffer\4.1.45.Final\netty-buffer-4.1.45.Final.jar;D:\destop\ja\LocalRepository\io\netty\netty-codec\4.1.45.Final\netty-codec-4.1.45.Final.jar;D:\destop\ja\LocalRepository\io\netty\netty-transport\4.1.45.Final\netty-transport-4.1.45.Final.jar;D:\destop\ja\LocalRepository\io\netty\netty-resolver\4.1.45.Final\netty-resolver-4.1.45.Final.jar;D:\destop\ja\LocalRepository\io\projectreactor\reactor-core\3.3.3.RELEASE\reactor-core-3.3.3.RELEASE.jar;D:\destop\ja\LocalRepository\org\reactivestreams\reactive-streams\1.0.3\reactive-streams-1.0.3.jar;D:\destop\ja\LocalRepository\org\springframework\boot\spring-boot-starter-websocket\2.2.5.RELEASE\spring-boot-starter-websocket-2.2.5.RELEASE.jar;D:\destop\ja\LocalRepository\org\springframework\spring-messaging\5.2.4.RELEASE\spring-messaging-5.2.4.RELEASE.jar;D:\destop\ja\LocalRepository\org\springframework\spring-websocket\5.2.4.RELEASE\spring-websocket-5.2.4.RELEASE.jar;D:\destop\ja\LocalRepository\com\alibaba\fastjson\1.2.75\fastjson-1.2.75.jar;D:\destop\ja\LocalRepository\com\github\binarywang\java-emoji-converter\1.0.1\java-emoji-converter-1.0.1.jar;D:\destop\ja\LocalRepository\com\vdurmont\emoji-java\5.1.1\emoji-java-5.1.1.jar;D:\destop\ja\LocalRepository\org\json\json\20170516\json-20170516.jar;D:\destop\ja\LocalRepository\com\thoughtworks\xstream\xstream\1.4.12\xstream-1.4.12.jar;D:\destop\ja\LocalRepository\xmlpull\xmlpull\1.1.3.1\xmlpull-1.1.3.1.jar;D:\destop\ja\LocalRepository\xpp3\xpp3_min\1.1.4c\xpp3_min-1.1.4c.jar;D:\destop\ja\LocalRepository\org\jodd\jodd-http\5.1.4\jodd-http-5.1.4.jar;D:\destop\ja\LocalRepository\org\jodd\jodd-core\5.1.4\jodd-core-5.1.4.jar;D:\destop\ja\LocalRepository\joda-time\joda-time\2.10.5\joda-time-2.10.5.jar;"/>
    <property name="sun.cpu.endian" value="little"/>
    <property name="user.home" value="C:\Users\formh"/>
    <property name="user.language" value="zh"/>
    <property name="java.specification.vendor" value="Oracle Corporation"/>
    <property name="java.home" value="C:\Program Files\Java\jdk1.8.0_281\jre"/>
    <property name="basedir" value="D:\destop\ja\websocket\online-chat"/>
    <property name="file.separator" value="\"/>
    <property name="line.separator" value="&#10;"/>
    <property name="java.vm.specification.vendor" value="Oracle Corporation"/>
    <property name="java.specification.name" value="Java Platform API Specification"/>
    <property name="java.awt.graphicsenv" value="sun.awt.Win32GraphicsEnvironment"/>
    <property name="surefire.real.class.path" value="C:\Users\formh\AppData\Local\Temp\surefire2011060062749282952\surefirebooter8221393596941930242.jar"/>
    <property name="sun.boot.class.path" value="C:\Program Files\Java\jdk1.8.0_281\jre\lib\resources.jar;C:\Program Files\Java\jdk1.8.0_281\jre\lib\rt.jar;C:\Program Files\Java\jdk1.8.0_281\jre\lib\sunrsasign.jar;C:\Program Files\Java\jdk1.8.0_281\jre\lib\jsse.jar;C:\Program Files\Java\jdk1.8.0_281\jre\lib\jce.jar;C:\Program Files\Java\jdk1.8.0_281\jre\lib\charsets.jar;C:\Program Files\Java\jdk1.8.0_281\jre\lib\jfr.jar;C:\Program Files\Java\jdk1.8.0_281\jre\classes"/>
    <property name="user.script" value=""/>
    <property name="sun.management.compiler" value="HotSpot 64-Bit Tiered Compilers"/>
    <property name="java.runtime.version" value="1.8.0_281-b09"/>
    <property name="user.name" value="formh"/>
    <property name="path.separator" value=";"/>
    <property name="os.version" value="10.0"/>
    <property name="java.endorsed.dirs" value="C:\Program Files\Java\jdk1.8.0_281\jre\lib\endorsed"/>
    <property name="java.runtime.name" value="Java(TM) SE Runtime Environment"/>
    <property name="file.encoding" value="GBK"/>
    <property name="java.vm.name" value="Java HotSpot(TM) 64-Bit Server VM"/>
    <property name="localRepository" value="D:\destop\ja\LocalRepository"/>
    <property name="java.vendor.url.bug" value="http://bugreport.sun.com/bugreport/"/>
    <property name="java.io.tmpdir" value="C:\Users\formh\AppData\Local\Temp\"/>
    <property name="java.version" value="1.8.0_281"/>
    <property name="user.dir" value="D:\destop\ja\websocket\online-chat"/>
    <property name="os.arch" value="amd64"/>
    <property name="java.vm.specification.name" value="Java Virtual Machine Specification"/>
    <property name="java.awt.printerjob" value="sun.awt.windows.WPrinterJob"/>
    <property name="sun.os.patch.level" value=""/>
    <property name="idea.version2019.3.5" value="true"/>
    <property name="java.library.path" value="C:\Program Files\Java\jdk1.8.0_281\jre\bin;C:\WINDOWS\Sun\Java\bin;C:\WINDOWS\system32;C:\WINDOWS;C:\Program Files (x86)\Common Files\Oracle\Java\javapath;C:\Program Files\Java\jdk1.8.0_281\bin;C:\Program Files\Java\jdk1.8.0_281\jre\bin;C:\windows\system32;D:\Program Files (x86)\Microsoft Visual Studio\Shared\Python37_64\Scripts;D:\Anaconda;D:\Anaconda\Scripts;D:\Anaconda\Library\bin;C:\Program Files\MySQL\MySQL Server 8.0\bin;C:\Program Files\MySQL\MySQL Server 5.5\bin;C:\WINDOWS\system32;C:\WINDOWS;C:\WINDOWS\System32\Wbem;C:\WINDOWS\System32\WindowsPowerShell\v1.0\;C:\WINDOWS\System32\OpenSSH\;C:\Program Files (x86)\NetSarang\Xftp 7\;C:\Program Files\Git\cmd;D:\node.js\;D:\Git\bin;D:\Git\mingw64\libexec\git-core;C:\TDM-GCC-64\bin;C:\Program Files (x86)\Windows Kits\8.1\Windows Performance Toolkit\;C:\Program Files (x86)\NetSarang\Xshell 7\;C:\MinGW\bin;C:\MinGW\msys\1.0\bin;C:\MinGW;C:\Program Files (x86)\GnuWin32\bin;C:\Users\formh\AppData\Local\Microsoft\WindowsApps;D:\Anaconda;D:\Anaconda\Scripts;D:\Anaconda\Library\bin;D:\JetBrains\IntelliJ IDEA 2019.3.3\bin;;C:\Users\formh\AppData\Local\GitHubDesktop\bin;C:\Program Files\Java\jdk1.8.0_281\bin;C:\Program Files\Java\jdk1.8.0_281\jre\bin;D:\apache-maven-3.6.3\bin;C:\Users\formh\AppData\Roaming\npm;D:\WebStorm\WebStorm 2021.1.1\bin;;."/>
    <property name="java.vm.info" value="mixed mode"/>
    <property name="java.vendor" value="Oracle Corporation"/>
    <property name="java.vm.version" value="25.281-b09"/>
    <property name="java.ext.dirs" value="C:\Program Files\Java\jdk1.8.0_281\jre\lib\ext;C:\WINDOWS\Sun\Java\lib\ext"/>
    <property name="sun.io.unicode.encoding" value="UnicodeLittle"/>
    <property name="java.class.version" value="52.0"/>
  </properties>
  <testcase name="testToAlias" classname="com.onlinechat.EmojiConverterTest" time="20.758"/>
</testsuite>